android-admin/app/build/intermediates/manifest_merge_blame_file/debug/manifest-merger-blame-debug-report.txt
1<?xml version="1.0" encoding="utf-8"?>
2<manifest xmlns:android="http://schemas.android.com/apk/res/android"
3    package="com.northend.admin"
4    android:versionCode="1"
5    android:versionName="1.0" >
6
7    <uses-sdk
8        android:minSdkVersion="26"
9        android:targetSdkVersion="34" />
10
11    <uses-permission android:name="android.permission.INTERNET" />
11-->src/main/AndroidManifest.xml:5:5-67
11-->src/main/AndroidManifest.xml:5:22-64
12    <uses-permission android:name="android.permission.ACCESS_NETWORK_STATE" />
12-->src/main/AndroidManifest.xml:6:5-79
12-->src/main/AndroidManifest.xml:6:22-76
13    <uses-permission android:name="android.permission.CAMERA" />
13-->src/main/AndroidManifest.xml:7:5-65
13-->src/main/AndroidManifest.xml:7:22-62
14    <uses-permission
14-->src/main/AndroidManifest.xml:8:5-9:38
15        android:name="android.permission.READ_EXTERNAL_STORAGE"
15-->src/main/AndroidManifest.xml:8:22-77
16        android:maxSdkVersion="32" />
16-->src/main/AndroidManifest.xml:9:9-35
17    <uses-permission android:name="android.permission.POST_NOTIFICATIONS" />
17-->src/main/AndroidManifest.xml:10:5-77
17-->src/main/AndroidManifest.xml:10:22-74
18    <uses-permission android:name="android.permission.WAKE_LOCK" /> <!-- Required by older versions of Google Play services to create IID tokens -->
18-->[com.google.firebase:firebase-messaging:23.4.1] AndroidManifest.xml:24:5-68
18-->[com.google.firebase:firebase-messaging:23.4.1] AndroidManifest.xml:24:22-65
19    <uses-permission android:name="com.google.android.c2dm.permission.RECEIVE" />
19-->[com.google.firebase:firebase-messaging:23.4.1] AndroidManifest.xml:26:5-82
19-->[com.google.firebase:firebase-messaging:23.4.1] AndroidManifest.xml:26:22-79
20
21    <permission
21-->[androidx.core:core:1.12.0] AndroidManifest.xml:22:5-24:47
22        android:name="com.northend.admin.DYNAMIC_RECEIVER_NOT_EXPORTED_PERMISSION"
22-->[androidx.core:core:1.12.0] AndroidManifest.xml:23:9-81
23        android:protectionLevel="signature" />
23-->[androidx.core:core:1.12.0] AndroidManifest.xml:24:9-44
24
25    <uses-permission android:name="com.northend.admin.DYNAMIC_RECEIVER_NOT_EXPORTED_PERMISSION" />
25-->[androidx.core:core:1.12.0] AndroidManifest.xml:26:5-97
25-->[androidx.core:core:1.12.0] AndroidManifest.xml:26:22-94
26
27    <application
27-->src/main/AndroidManifest.xml:12:5-54:19
28        android:name="com.northend.admin.NorthEndApp"
28-->src/main/AndroidManifest.xml:13:9-36
29        android:allowBackup="false"
29-->src/main/AndroidManifest.xml:14:9-36
30        android:appComponentFactory="androidx.core.app.CoreComponentFactory"
30-->[androidx.core:core:1.12.0] AndroidManifest.xml:28:18-86
31        android:dataExtractionRules="@xml/data_extraction_rules"
31-->src/main/AndroidManifest.xml:15:9-65
32        android:debuggable="true"
33        android:extractNativeLibs="false"
34        android:fullBackupContent="@xml/backup_rules"
34-->src/main/AndroidManifest.xml:16:9-54
35        android:icon="@mipmap/ic_launcher"
35-->src/main/AndroidManifest.xml:17:9-43
36        android:label="@string/app_name"
36-->src/main/AndroidManifest.xml:18:9-41
37        android:roundIcon="@mipmap/ic_launcher_round"
37-->src/main/AndroidManifest.xml:19:9-54
38        android:supportsRtl="true"
38-->src/main/AndroidManifest.xml:20:9-35
39        android:theme="@style/Theme.NorthEndAdmin"
39-->src/main/AndroidManifest.xml:21:9-51
40        android:usesCleartextTraffic="false" >
40-->src/main/AndroidManifest.xml:22:9-45
41        <activity
41-->src/main/AndroidManifest.xml:25:9-33:20
42            android:name="com.northend.admin.ui.MainActivity"
42-->src/main/AndroidManifest.xml:26:13-44
43            android:exported="true"
43-->src/main/AndroidManifest.xml:27:13-36
44            android:windowSoftInputMode="adjustResize" >
44-->src/main/AndroidManifest.xml:28:13-55
45            <intent-filter>
45-->src/main/AndroidManifest.xml:29:13-32:29
46                <action android:name="android.intent.action.MAIN" />
46-->src/main/AndroidManifest.xml:30:17-69
46-->src/main/AndroidManifest.xml:30:25-66
47
48                <category android:name="android.intent.category.LAUNCHER" />
48-->src/main/AndroidManifest.xml:31:17-77
48-->src/main/AndroidManifest.xml:31:27-74
49            </intent-filter>
50        </activity>
51
52        <provider
53            android:name="androidx.core.content.FileProvider"
53-->src/main/AndroidManifest.xml:36:13-62
54            android:authorities="com.northend.admin.provider"
54-->src/main/AndroidManifest.xml:37:13-60
55            android:exported="false"
55-->src/main/AndroidManifest.xml:38:13-37
56            android:grantUriPermissions="true" >
56-->src/main/AndroidManifest.xml:39:13-47
57            <meta-data
57-->src/main/AndroidManifest.xml:40:13-42:54
58                android:name="android.support.FILE_PROVIDER_PATHS"
58-->src/main/AndroidManifest.xml:41:17-67
59                android:resource="@xml/file_paths" />
59-->src/main/AndroidManifest.xml:42:17-51
60        </provider>
61
62        <service
62-->src/main/AndroidManifest.xml:46:9-52:19
63            android:name="com.northend.admin.service.MyFirebaseMessagingService"
63-->src/main/AndroidManifest.xml:47:13-63
64            android:exported="true" >
64-->src/main/AndroidManifest.xml:48:13-36
65            <intent-filter>
65-->src/main/AndroidManifest.xml:49:13-51:29
66                <action android:name="com.google.firebase.MESSAGING_EVENT" />
66-->src/main/AndroidManifest.xml:50:17-78
66-->src/main/AndroidManifest.xml:50:25-75
67            </intent-filter>
68        </service>
69        <service
69-->[com.google.firebase:firebase-messaging-ktx:23.4.1] AndroidManifest.xml:23:9-29:19
70            android:name="com.google.firebase.components.ComponentDiscoveryService"
70-->[com.google.firebase:firebase-messaging-ktx:23.4.1] AndroidManifest.xml:24:13-84
71            android:directBootAware="true"
71-->[com.google.firebase:firebase-common:20.4.2] AndroidManifest.xml:32:13-43
72            android:exported="false" >
72-->[com.google.firebase:firebase-messaging-ktx:23.4.1] AndroidManifest.xml:25:13-37
73            <meta-data
73-->[com.google.firebase:firebase-messaging-ktx:23.4.1] AndroidManifest.xml:26:13-28:85
74                android:name="com.google.firebase.components:com.google.firebase.messaging.ktx.FirebaseMessagingLegacyRegistrar"
74-->[com.google.firebase:firebase-messaging-ktx:23.4.1] AndroidManifest.xml:27:17-129
75                android:value="com.google.firebase.components.ComponentRegistrar" />
75-->[com.google.firebase:firebase-messaging-ktx:23.4.1] AndroidManifest.xml:28:17-82
76            <meta-data
76-->[com.google.firebase:firebase-messaging:23.4.1] AndroidManifest.xml:57:13-59:85
77                android:name="com.google.firebase.components:com.google.firebase.messaging.FirebaseMessagingKtxRegistrar"
77-->[com.google.firebase:firebase-messaging:23.4.1] AndroidManifest.xml:58:17-122
78                android:value="com.google.firebase.components.ComponentRegistrar" />
78-->[com.google.firebase:firebase-messaging:23.4.1] AndroidManifest.xml:59:17-82
79            <meta-data
79-->[com.google.firebase:firebase-messaging:23.4.1] AndroidManifest.xml:60:13-62:85
80                android:name="com.google.firebase.components:com.google.firebase.messaging.FirebaseMessagingRegistrar"
80-->[com.google.firebase:firebase-messaging:23.4.1] AndroidManifest.xml:61:17-119
81                android:value="com.google.firebase.components.ComponentRegistrar" />
81-->[com.google.firebase:firebase-messaging:23.4.1] AndroidManifest.xml:62:17-82
82            <meta-data
82-->[com.google.firebase:firebase-installations:17.2.0] AndroidManifest.xml:15:13-17:85
83                android:name="com.google.firebase.components:com.google.firebase.installations.FirebaseInstallationsKtxRegistrar"
83-->[com.google.firebase:firebase-installations:17.2.0] AndroidManifest.xml:16:17-130
84                android:value="com.google.firebase.components.ComponentRegistrar" />
84-->[com.google.firebase:firebase-installations:17.2.0] AndroidManifest.xml:17:17-82
85            <meta-data
85-->[com.google.firebase:firebase-installations:17.2.0] AndroidManifest.xml:18:13-20:85
86                android:name="com.google.firebase.components:com.google.firebase.installations.FirebaseInstallationsRegistrar"
86-->[com.google.firebase:firebase-installations:17.2.0] AndroidManifest.xml:19:17-127
87                android:value="com.google.firebase.components.ComponentRegistrar" />
87-->[com.google.firebase:firebase-installations:17.2.0] AndroidManifest.xml:20:17-82
88            <meta-data
88-->[com.google.firebase:firebase-common-ktx:20.4.2] AndroidManifest.xml:12:13-14:85
89                android:name="com.google.firebase.components:com.google.firebase.ktx.FirebaseCommonLegacyRegistrar"
89-->[com.google.firebase:firebase-common-ktx:20.4.2] AndroidManifest.xml:13:17-116
90                android:value="com.google.firebase.components.ComponentRegistrar" />
90-->[com.google.firebase:firebase-common-ktx:20.4.2] AndroidManifest.xml:14:17-82
91            <meta-data
91-->[com.google.firebase:firebase-common:20.4.2] AndroidManifest.xml:35:13-37:85
92                android:name="com.google.firebase.components:com.google.firebase.FirebaseCommonKtxRegistrar"
92-->[com.google.firebase:firebase-common:20.4.2] AndroidManifest.xml:36:17-109
93                android:value="com.google.firebase.components.ComponentRegistrar" />
93-->[com.google.firebase:firebase-common:20.4.2] AndroidManifest.xml:37:17-82
94            <meta-data
94-->[com.google.firebase:firebase-datatransport:18.1.7] AndroidManifest.xml:27:13-29:85
95                android:name="com.google.firebase.components:com.google.firebase.datatransport.TransportRegistrar"
95-->[com.google.firebase:firebase-datatransport:18.1.7] AndroidManifest.xml:28:17-115
96                android:value="com.google.firebase.components.ComponentRegistrar" />
96-->[com.google.firebase:firebase-datatransport:18.1.7] AndroidManifest.xml:29:17-82
97        </service>
98
99        <receiver
99-->[com.google.firebase:firebase-messaging:23.4.1] AndroidManifest.xml:29:9-40:20
100            android:name="com.google.firebase.iid.FirebaseInstanceIdReceiver"
100-->[com.google.firebase:firebase-messaging:23.4.1] AndroidManifest.xml:30:13-78
101            android:exported="true"
101-->[com.google.firebase:firebase-messaging:23.4.1] AndroidManifest.xml:31:13-36
102            android:permission="com.google.android.c2dm.permission.SEND" >
102-->[com.google.firebase:firebase-messaging:23.4.1] AndroidManifest.xml:32:13-73
103            <intent-filter>
103-->[com.google.firebase:firebase-messaging:23.4.1] AndroidManifest.xml:33:13-35:29
104                <action android:name="com.google.android.c2dm.intent.RECEIVE" />
104-->[com.google.firebase:firebase-messaging:23.4.1] AndroidManifest.xml:34:17-81
104-->[com.google.firebase:firebase-messaging:23.4.1] AndroidManifest.xml:34:25-78
105            </intent-filter>
106
107            <meta-data
107-->[com.google.firebase:firebase-messaging:23.4.1] AndroidManifest.xml:37:13-39:40
108                android:name="com.google.android.gms.cloudmessaging.FINISHED_AFTER_HANDLED"
108-->[com.google.firebase:firebase-messaging:23.4.1] AndroidManifest.xml:38:17-92
109                android:value="true" />
109-->[com.google.firebase:firebase-messaging:23.4.1] AndroidManifest.xml:39:17-37
110        </receiver>
111        <!--
112             FirebaseMessagingService performs security checks at runtime,
113             but set to not exported to explicitly avoid allowing another app to call it.
114        -->
115        <service
115-->[com.google.firebase:firebase-messaging:23.4.1] AndroidManifest.xml:46:9-53:19
116            android:name="com.google.firebase.messaging.FirebaseMessagingService"
116-->[com.google.firebase:firebase-messaging:23.4.1] AndroidManifest.xml:47:13-82
117            android:directBootAware="true"
117-->[com.google.firebase:firebase-messaging:23.4.1] AndroidManifest.xml:48:13-43
118            android:exported="false" >
118-->[com.google.firebase:firebase-messaging:23.4.1] AndroidManifest.xml:49:13-37
119            <intent-filter android:priority="-500" >
119-->src/main/AndroidManifest.xml:49:13-51:29
120                <action android:name="com.google.firebase.MESSAGING_EVENT" />
120-->src/main/AndroidManifest.xml:50:17-78
120-->src/main/AndroidManifest.xml:50:25-75
121            </intent-filter>
122        </service>
123
124        <provider
124-->[com.google.firebase:firebase-common:20.4.2] AndroidManifest.xml:23:9-28:39
125            android:name="com.google.firebase.provider.FirebaseInitProvider"
125-->[com.google.firebase:firebase-common:20.4.2] AndroidManifest.xml:24:13-77
126            android:authorities="com.northend.admin.firebaseinitprovider"
126-->[com.google.firebase:firebase-common:20.4.2] AndroidManifest.xml:25:13-72
127            android:directBootAware="true"
127-->[com.google.firebase:firebase-common:20.4.2] AndroidManifest.xml:26:13-43
128            android:exported="false"
128-->[com.google.firebase:firebase-common:20.4.2] AndroidManifest.xml:27:13-37
129            android:initOrder="100" />
129-->[com.google.firebase:firebase-common:20.4.2] AndroidManifest.xml:28:13-36
130
131        <activity
131-->[com.google.android.gms:play-services-base:18.0.1] AndroidManifest.xml:20:9-22:45
132            android:name="com.google.android.gms.common.api.GoogleApiActivity"
132-->[com.google.android.gms:play-services-base:18.0.1] AndroidManifest.xml:20:19-85
133            android:exported="false"
133-->[com.google.android.gms:play-services-base:18.0.1] AndroidManifest.xml:22:19-43
134            android:theme="@android:style/Theme.Translucent.NoTitleBar" />
134-->[com.google.android.gms:play-services-base:18.0.1] AndroidManifest.xml:21:19-78
135
136        <provider
136-->[androidx.emoji2:emoji2:1.4.0] AndroidManifest.xml:24:9-32:20
137            android:name="androidx.startup.InitializationProvider"
137-->[androidx.emoji2:emoji2:1.4.0] AndroidManifest.xml:25:13-67
138            android:authorities="com.northend.admin.androidx-startup"
138-->[androidx.emoji2:emoji2:1.4.0] AndroidManifest.xml:26:13-68
139            android:exported="false" >
139-->[androidx.emoji2:emoji2:1.4.0] AndroidManifest.xml:27:13-37
140            <meta-data
140-->[androidx.emoji2:emoji2:1.4.0] AndroidManifest.xml:29:13-31:52
141                android:name="androidx.emoji2.text.EmojiCompatInitializer"
141-->[androidx.emoji2:emoji2:1.4.0] AndroidManifest.xml:30:17-75
142                android:value="androidx.startup" />
142-->[androidx.emoji2:emoji2:1.4.0] AndroidManifest.xml:31:17-49
143            <meta-data
143-->[androidx.lifecycle:lifecycle-process:2.6.2] AndroidManifest.xml:29:13-31:52
144                android:name="androidx.lifecycle.ProcessLifecycleInitializer"
144-->[androidx.lifecycle:lifecycle-process:2.6.2] AndroidManifest.xml:30:17-78
145                android:value="androidx.startup" />
145-->[androidx.lifecycle:lifecycle-process:2.6.2] AndroidManifest.xml:31:17-49
146            <meta-data
146-->[androidx.profileinstaller:profileinstaller:1.3.1] AndroidManifest.xml:29:13-31:52
147                android:name="androidx.profileinstaller.ProfileInstallerInitializer"
147-->[androidx.profileinstaller:profileinstaller:1.3.1] AndroidManifest.xml:30:17-85
148                android:value="androidx.startup" />
148-->[androidx.profileinstaller:profileinstaller:1.3.1] AndroidManifest.xml:31:17-49
149        </provider>
150
151        <meta-data
151-->[com.google.android.gms:play-services-basement:18.1.0] AndroidManifest.xml:21:9-23:69
152            android:name="com.google.android.gms.version"
152-->[com.google.android.gms:play-services-basement:18.1.0] AndroidManifest.xml:22:13-58
153            android:value="@integer/google_play_services_version" />
153-->[com.google.android.gms:play-services-basement:18.1.0] AndroidManifest.xml:23:13-66
154
155        <activity
155-->[androidx.compose.ui:ui-tooling-android:1.5.4] AndroidManifest.xml:23:9-25:39
156            android:name="androidx.compose.ui.tooling.PreviewActivity"
156-->[androidx.compose.ui:ui-tooling-android:1.5.4] AndroidManifest.xml:24:13-71
157            android:exported="true" />
157-->[androidx.compose.ui:ui-tooling-android:1.5.4] AndroidManifest.xml:25:13-36
158        <activity
158-->[androidx.compose.ui:ui-test-manifest:1.5.4] AndroidManifest.xml:23:9-25:39
159            android:name="androidx.activity.ComponentActivity"
159-->[androidx.compose.ui:ui-test-manifest:1.5.4] AndroidManifest.xml:24:13-63
160            android:exported="true" />
160-->[androidx.compose.ui:ui-test-manifest:1.5.4] AndroidManifest.xml:25:13-36
161
162        <receiver
162-->[androidx.profileinstaller:profileinstaller:1.3.1] AndroidManifest.xml:34:9-52:20
163            android:name="androidx.profileinstaller.ProfileInstallReceiver"
163-->[androidx.profileinstaller:profileinstaller:1.3.1] AndroidManifest.xml:35:13-76
164            android:directBootAware="false"
164-->[androidx.profileinstaller:profileinstaller:1.3.1] AndroidManifest.xml:36:13-44
165            android:enabled="true"
165-->[androidx.profileinstaller:profileinstaller:1.3.1] AndroidManifest.xml:37:13-35
166            android:exported="true"
166-->[androidx.profileinstaller:profileinstaller:1.3.1] AndroidManifest.xml:38:13-36
167            android:permission="android.permission.DUMP" >
167-->[androidx.profileinstaller:profileinstaller:1.3.1] AndroidManifest.xml:39:13-57
168            <intent-filter>
168-->[androidx.profileinstaller:profileinstaller:1.3.1] AndroidManifest.xml:40:13-42:29
169                <action android:name="androidx.profileinstaller.action.INSTALL_PROFILE" />
169-->[androidx.profileinstaller:profileinstaller:1.3.1] AndroidManifest.xml:41:17-91
169-->[androidx.profileinstaller:profileinstaller:1.3.1] AndroidManifest.xml:41:25-88
170            </intent-filter>
171            <intent-filter>
171-->[androidx.profileinstaller:profileinstaller:1.3.1] AndroidManifest.xml:43:13-45:29
172                <action android:name="androidx.profileinstaller.action.SKIP_FILE" />
172-->[androidx.profileinstaller:profileinstaller:1.3.1] AndroidManifest.xml:44:17-85
172-->[androidx.profileinstaller:profileinstaller:1.3.1] AndroidManifest.xml:44:25-82
173            </intent-filter>
174            <intent-filter>
174-->[androidx.profileinstaller:profileinstaller:1.3.1] AndroidManifest.xml:46:13-48:29
175                <action android:name="androidx.profileinstaller.action.SAVE_PROFILE" />
175-->[androidx.profileinstaller:profileinstaller:1.3.1] AndroidManifest.xml:47:17-88
175-->[androidx.profileinstaller:profileinstaller:1.3.1] AndroidManifest.xml:47:25-85
176            </intent-filter>
177            <intent-filter>
177-->[androidx.profileinstaller:profileinstaller:1.3.1] AndroidManifest.xml:49:13-51:29
178                <action android:name="androidx.profileinstaller.action.BENCHMARK_OPERATION" />
178-->[androidx.profileinstaller:profileinstaller:1.3.1] AndroidManifest.xml:50:17-95
178-->[androidx.profileinstaller:profileinstaller:1.3.1] AndroidManifest.xml:50:25-92
179            </intent-filter>
180        </receiver>
181
182        <service
182-->[com.google.android.datatransport:transport-backend-cct:3.1.8] AndroidManifest.xml:28:9-34:19
183            android:name="com.google.android.datatransport.runtime.backends.TransportBackendDiscovery"
183-->[com.google.android.datatransport:transport-backend-cct:3.1.8] AndroidManifest.xml:29:13-103
184            android:exported="false" >
184-->[com.google.android.datatransport:transport-backend-cct:3.1.8] AndroidManifest.xml:30:13-37
185            <meta-data
185-->[com.google.android.datatransport:transport-backend-cct:3.1.8] AndroidManifest.xml:31:13-33:39
186                android:name="backend:com.google.android.datatransport.cct.CctBackendFactory"
186-->[com.google.android.datatransport:transport-backend-cct:3.1.8] AndroidManifest.xml:32:17-94
187                android:value="cct" />
187-->[com.google.android.datatransport:transport-backend-cct:3.1.8] AndroidManifest.xml:33:17-36
188        </service>
189        <service
189-->[com.google.android.datatransport:transport-runtime:3.1.8] AndroidManifest.xml:26:9-30:19
190            android:name="com.google.android.datatransport.runtime.scheduling.jobscheduling.JobInfoSchedulerService"
190-->[com.google.android.datatransport:transport-runtime:3.1.8] AndroidManifest.xml:27:13-117
191            android:exported="false"
191-->[com.google.android.datatransport:transport-runtime:3.1.8] AndroidManifest.xml:28:13-37
192            android:permission="android.permission.BIND_JOB_SERVICE" >
192-->[com.google.android.datatransport:transport-runtime:3.1.8] AndroidManifest.xml:29:13-69
193        </service>
194
195        <receiver
195-->[com.google.android.datatransport:transport-runtime:3.1.8] AndroidManifest.xml:32:9-34:40
196            android:name="com.google.android.datatransport.runtime.scheduling.jobscheduling.AlarmManagerSchedulerBroadcastReceiver"
196-->[com.google.android.datatransport:transport-runtime:3.1.8] AndroidManifest.xml:33:13-132
197            android:exported="false" />
197-->[com.google.android.datatransport:transport-runtime:3.1.8] AndroidManifest.xml:34:13-37
198    </application>
199
200</manifest>